<?xml version="1.0" encoding="UTF-8"?>
<testsuite xmlns:xsi="http://www.w3.org/2001/XMLSchema-instance" xsi:schemaLocation="https://maven.apache.org/surefire/maven-surefire-plugin/xsd/surefire-test-report.xsd" name="cucumberRunnerTest" time="54.502" tests="30" errors="4" skipped="6" failures="8">
  <properties>
    <property name="java.runtime.name" value="Java(TM) SE Runtime Environment"/>
    <property name="cucumber.options" value="--tags @homepage --tags @mainCategory"/>
    <property name="sun.boot.library.path" value="C:\Program Files\Java\jdk1.8.0_181\jre\bin"/>
    <property name="java.vm.version" value="25.181-b13"/>
    <property name="browser" value="phantom"/>
    <property name="java.vm.vendor" value="Oracle Corporation"/>
    <property name="maven.multiModuleProjectDirectory" value="C:\Users\Ovidiu\Workspace 5891\flaconiCucumber"/>
    <property name="java.vendor.url" value="http://java.oracle.com/"/>
    <property name="path.separator" value=";"/>
    <property name="guice.disable.misplaced.annotation.check" value="true"/>
    <property name="java.vm.name" value="Java HotSpot(TM) 64-Bit Server VM"/>
    <property name="file.encoding.pkg" value="sun.io"/>
    <property name="user.script" value=""/>
    <property name="user.country" value="US"/>
    <property name="sun.java.launcher" value="SUN_STANDARD"/>
    <property name="sun.os.patch.level" value=""/>
    <property name="java.vm.specification.name" value="Java Virtual Machine Specification"/>
    <property name="user.dir" value="C:\Users\Ovidiu\Workspace 5891\flaconiCucumber"/>
    <property name="java.runtime.version" value="1.8.0_181-b13"/>
    <property name="java.awt.graphicsenv" value="sun.awt.Win32GraphicsEnvironment"/>
    <property name="java.endorsed.dirs" value="C:\Program Files\Java\jdk1.8.0_181\jre\lib\endorsed"/>
    <property name="os.arch" value="amd64"/>
    <property name="java.io.tmpdir" value="C:\Users\Ovidiu\AppData\Local\Temp\"/>
    <property name="line.separator" value="&#10;"/>
    <property name="java.vm.specification.vendor" value="Oracle Corporation"/>
    <property name="user.variant" value=""/>
    <property name="os.name" value="Windows 10"/>
    <property name="classworlds.conf" value="C:\Maven\apache-maven-3.3.9\bin\m2.conf"/>
    <property name="sun.jnu.encoding" value="Cp1252"/>
    <property name="java.library.path" value="C:\Program Files\Java\jdk1.8.0_181\bin;C:\WINDOWS\Sun\Java\bin;C:\WINDOWS\system32;C:\WINDOWS;C:\Program Files (x86)\Common Files\Oracle\Java\javapath;C:\Program Files\Docker\Docker\Resources\bin;C:\ProgramData\Oracle\Java\javapath;C:\Windows\system32;C:\Windows;C:\Windows\System32\Wbem;C:\Windows\System32\WindowsPowerShell\v1.0\;C:\Program Files (x86)\NVIDIA Corporation\PhysX\Common;C:\WINDOWS\system32;C:\WINDOWS;C:\WINDOWS\System32\Wbem;C:\WINDOWS\System32\WindowsPowerShell\v1.0\;C:\Program Files\Java\jdk1.8.0_181\bin;C:\Maven\apache-maven-3.3.9\bin;C:\Program Files\nodejs\;C:\Program Files\nodejs;C:\Program Files\Git\cmd;C:\Program Files\Git\mingw64\bin;C:\Program Files\Git\usr\bin;C:\WINDOWS\System32\OpenSSH\;C:\Users\Ovidiu\AppData\Local\Microsoft\WindowsApps;C:\Users\Ovidiu\AppData\Roaming\npm;;."/>
    <property name="java.specification.name" value="Java Platform API Specification"/>
    <property name="java.class.version" value="52.0"/>
    <property name="sun.management.compiler" value="HotSpot 64-Bit Tiered Compilers"/>
    <property name="os.version" value="10.0"/>
    <property name="user.home" value="C:\Users\Ovidiu"/>
    <property name="user.timezone" value="Europe/Berlin"/>
    <property name="java.awt.printerjob" value="sun.awt.windows.WPrinterJob"/>
    <property name="java.specification.version" value="1.8"/>
    <property name="file.encoding" value="Cp1252"/>
    <property name="user.name" value="Ovidiu"/>
    <property name="java.class.path" value="C:\Maven\apache-maven-3.3.9\boot\plexus-classworlds-2.5.2.jar"/>
    <property name="java.vm.specification.version" value="1.8"/>
    <property name="sun.arch.data.model" value="64"/>
    <property name="java.home" value="C:\Program Files\Java\jdk1.8.0_181\jre"/>
    <property name="sun.java.command" value="org.codehaus.plexus.classworlds.launcher.Launcher verify -Dbrowser=phantom -Denvironment=testing -Dcucumber.options=--tags @homepage --tags @mainCategory"/>
    <property name="java.specification.vendor" value="Oracle Corporation"/>
    <property name="user.language" value="en"/>
    <property name="awt.toolkit" value="sun.awt.windows.WToolkit"/>
    <property name="java.vm.info" value="mixed mode"/>
    <property name="java.version" value="1.8.0_181"/>
    <property name="java.ext.dirs" value="C:\Program Files\Java\jdk1.8.0_181\jre\lib\ext;C:\WINDOWS\Sun\Java\lib\ext"/>
    <property name="sun.boot.class.path" value="C:\Program Files\Java\jdk1.8.0_181\jre\lib\resources.jar;C:\Program Files\Java\jdk1.8.0_181\jre\lib\rt.jar;C:\Program Files\Java\jdk1.8.0_181\jre\lib\sunrsasign.jar;C:\Program Files\Java\jdk1.8.0_181\jre\lib\jsse.jar;C:\Program Files\Java\jdk1.8.0_181\jre\lib\jce.jar;C:\Program Files\Java\jdk1.8.0_181\jre\lib\charsets.jar;C:\Program Files\Java\jdk1.8.0_181\jre\lib\jfr.jar;C:\Program Files\Java\jdk1.8.0_181\jre\classes"/>
    <property name="sun.stderr.encoding" value="cp437"/>
    <property name="java.vendor" value="Oracle Corporation"/>
    <property name="environment" value="testing"/>
    <property name="maven.home" value="C:\Maven\apache-maven-3.3.9"/>
    <property name="file.separator" value="\"/>
    <property name="java.vendor.url.bug" value="http://bugreport.sun.com/bugreport/"/>
    <property name="sun.cpu.endian" value="little"/>
    <property name="sun.io.unicode.encoding" value="UnicodeLittle"/>
    <property name="sun.stdout.encoding" value="cp437"/>
    <property name="sun.desktop" value="windows"/>
    <property name="sun.cpu.isalist" value="amd64"/>
  </properties>
  <testcase name="Given I should be on the page &quot;home&quot;" classname="| GESICHT |  | gesichtspflege |" time="0.001"/>
  <testcase name="Then I hover over the 3 &quot;Pflege&quot; category" classname="| GESICHT |  | gesichtspflege |" time="0"/>
  <testcase name="Then I should see the main-categories &quot;GESICHT&quot;" classname="| GESICHT |  | gesichtspflege |" time="0.006">
    <failure message="expected:&lt;[]&gt; but was:&lt;[GESICHT]&gt;" type="org.junit.ComparisonFailure"><![CDATA[org.junit.ComparisonFailure: expected:<[]> but was:<[GESICHT]>
]]></failure>
  </testcase>
  <testcase name="| GESICHT |  | gesichtspflege |" classname="| GESICHT |  | gesichtspflege |" time="0.007">
    <failure message="expected:&lt;[]&gt; but was:&lt;[GESICHT]&gt;" type="org.junit.ComparisonFailure"><![CDATA[org.junit.ComparisonFailure: expected:<[]> but was:<[GESICHT]>
]]></failure>
  </testcase>
  <testcase name="And I should be on the page &quot;gesichtspflege&quot;" classname="| GESICHT |  | gesichtspflege |" time="0">
    <skipped/>
  </testcase>
  <testcase name="Given I should be on the page &quot;home&quot;" classname="| KORPER |  | koerperpflege |" time="0"/>
  <testcase name="Then I hover over the 3 &quot;Pflege&quot; category" classname="| KORPER |  | koerperpflege |" time="0"/>
  <testcase name="Then I should see the main-categories &quot;KORPER&quot;" classname="| KORPER |  | koerperpflege |" time="0.001">
    <error message="{&quot;errorMessage&quot;:&quot;Element is not currently visible and may not be manipulated&quot;,&quot;request&quot;:{&quot;headers&quot;:{&quot;Accept-Encoding&quot;:&quot;gzip&quot;,&quot;Connection&quot;:&quot;Keep-Alive&quot;,&quot;Content-Length&quot;:&quot;32&quot;,&quot;Content-Type&quot;:&quot;application/json; charset=utf-8&quot;,&quot;Host&quot;:&quot;localhost:8777&quot;,&quot;User-Agent&quot;:&quot;selenium/3.14.0 (java windows)&quot;},&quot;httpVersion&quot;:&quot;1.1&quot;,&quot;method&quot;:&quot;POST&quot;,&quot;post&quot;:&quot;{\n  \&quot;id\&quot;: \&quot;:wdc:1542039770184\&quot;\n}&quot;,&quot;url&quot;:&quot;/click&quot;,&quot;urlParsed&quot;:{&quot;anchor&quot;:&quot;&quot;,&quot;query&quot;:&quot;&quot;,&quot;file&quot;:&quot;click&quot;,&quot;directory&quot;:&quot;/&quot;,&quot;path&quot;:&quot;/click&quot;,&quot;relative&quot;:&quot;/click&quot;,&quot;port&quot;:&quot;&quot;,&quot;host&quot;:&quot;&quot;,&quot;password&quot;:&quot;&quot;,&quot;user&quot;:&quot;&quot;,&quot;userInfo&quot;:&quot;&quot;,&quot;authority&quot;:&quot;&quot;,&quot;protocol&quot;:&quot;&quot;,&quot;source&quot;:&quot;/click&quot;,&quot;queryKey&quot;:{},&quot;chunks&quot;:[&quot;click&quot;]},&quot;urlOriginal&quot;:&quot;/session/2f4dacf0-e697-11e8-9c43-c3b00da4d9bb/element/:wdc:1542039770184/click&quot;}}&#10;Command duration or timeout: 0 milliseconds" type="org.openqa.selenium.ElementNotVisibleException">org.openqa.selenium.ElementNotVisibleException: 
{"errorMessage":"Element is not currently visible and may not be manipulated","request":{"headers":{"Accept-Encoding":"gzip","Connection":"Keep-Alive","Content-Length":"32","Content-Type":"application/json; charset=utf-8","Host":"localhost:8777","User-Agent":"selenium/3.14.0 (java windows)"},"httpVersion":"1.1","method":"POST","post":"{\n  \"id\": \":wdc:1542039770184\"\n}","url":"/click","urlParsed":{"anchor":"","query":"","file":"click","directory":"/","path":"/click","relative":"/click","port":"","host":"","password":"","user":"","userInfo":"","authority":"","protocol":"","source":"/click","queryKey":{},"chunks":["click"]},"urlOriginal":"/session/2f4dacf0-e697-11e8-9c43-c3b00da4d9bb/element/:wdc:1542039770184/click"}}
Command duration or timeout: 0 milliseconds
Caused by: org.openqa.selenium.remote.ScreenshotException: Screen shot has been taken
Caused by: org.openqa.selenium.ElementNotVisibleException: 
{"errorMessage":"Element is not currently visible and may not be manipulated","request":{"headers":{"Accept-Encoding":"gzip","Connection":"Keep-Alive","Content-Length":"32","Content-Type":"application/json; charset=utf-8","Host":"localhost:8777","User-Agent":"selenium/3.14.0 (java windows)"},"httpVersion":"1.1","method":"POST","post":"{\n  \"id\": \":wdc:1542039770184\"\n}","url":"/click","urlParsed":{"anchor":"","query":"","file":"click","directory":"/","path":"/click","relative":"/click","port":"","host":"","password":"","user":"","userInfo":"","authority":"","protocol":"","source":"/click","queryKey":{},"chunks":["click"]},"urlOriginal":"/session/2f4dacf0-e697-11e8-9c43-c3b00da4d9bb/element/:wdc:1542039770184/click"}}
Build info: version: '3.14.0', revision: 'aacccce0', time: '2018-08-02T20:19:58.91Z'
System info: host: 'OVI', ip: '10.0.75.1', os.name: 'Windows 10', os.arch: 'amd64', os.version: '10.0', java.version: '1.8.0_181'
Driver info: driver.version: unknown
</error>
  </testcase>
  <testcase name="| KORPER |  | koerperpflege |" classname="| KORPER |  | koerperpflege |" time="0.003">
    <error message="{&quot;errorMessage&quot;:&quot;Element is not currently visible and may not be manipulated&quot;,&quot;request&quot;:{&quot;headers&quot;:{&quot;Accept-Encoding&quot;:&quot;gzip&quot;,&quot;Connection&quot;:&quot;Keep-Alive&quot;,&quot;Content-Length&quot;:&quot;32&quot;,&quot;Content-Type&quot;:&quot;application/json; charset=utf-8&quot;,&quot;Host&quot;:&quot;localhost:8777&quot;,&quot;User-Agent&quot;:&quot;selenium/3.14.0 (java windows)&quot;},&quot;httpVersion&quot;:&quot;1.1&quot;,&quot;method&quot;:&quot;POST&quot;,&quot;post&quot;:&quot;{\n  \&quot;id\&quot;: \&quot;:wdc:1542039770184\&quot;\n}&quot;,&quot;url&quot;:&quot;/click&quot;,&quot;urlParsed&quot;:{&quot;anchor&quot;:&quot;&quot;,&quot;query&quot;:&quot;&quot;,&quot;file&quot;:&quot;click&quot;,&quot;directory&quot;:&quot;/&quot;,&quot;path&quot;:&quot;/click&quot;,&quot;relative&quot;:&quot;/click&quot;,&quot;port&quot;:&quot;&quot;,&quot;host&quot;:&quot;&quot;,&quot;password&quot;:&quot;&quot;,&quot;user&quot;:&quot;&quot;,&quot;userInfo&quot;:&quot;&quot;,&quot;authority&quot;:&quot;&quot;,&quot;protocol&quot;:&quot;&quot;,&quot;source&quot;:&quot;/click&quot;,&quot;queryKey&quot;:{},&quot;chunks&quot;:[&quot;click&quot;]},&quot;urlOriginal&quot;:&quot;/session/2f4dacf0-e697-11e8-9c43-c3b00da4d9bb/element/:wdc:1542039770184/click&quot;}}&#10;Command duration or timeout: 0 milliseconds" type="org.openqa.selenium.ElementNotVisibleException">org.openqa.selenium.ElementNotVisibleException: 
{"errorMessage":"Element is not currently visible and may not be manipulated","request":{"headers":{"Accept-Encoding":"gzip","Connection":"Keep-Alive","Content-Length":"32","Content-Type":"application/json; charset=utf-8","Host":"localhost:8777","User-Agent":"selenium/3.14.0 (java windows)"},"httpVersion":"1.1","method":"POST","post":"{\n  \"id\": \":wdc:1542039770184\"\n}","url":"/click","urlParsed":{"anchor":"","query":"","file":"click","directory":"/","path":"/click","relative":"/click","port":"","host":"","password":"","user":"","userInfo":"","authority":"","protocol":"","source":"/click","queryKey":{},"chunks":["click"]},"urlOriginal":"/session/2f4dacf0-e697-11e8-9c43-c3b00da4d9bb/element/:wdc:1542039770184/click"}}
Command duration or timeout: 0 milliseconds
Caused by: org.openqa.selenium.remote.ScreenshotException: Screen shot has been taken
Caused by: org.openqa.selenium.ElementNotVisibleException: 
{"errorMessage":"Element is not currently visible and may not be manipulated","request":{"headers":{"Accept-Encoding":"gzip","Connection":"Keep-Alive","Content-Length":"32","Content-Type":"application/json; charset=utf-8","Host":"localhost:8777","User-Agent":"selenium/3.14.0 (java windows)"},"httpVersion":"1.1","method":"POST","post":"{\n  \"id\": \":wdc:1542039770184\"\n}","url":"/click","urlParsed":{"anchor":"","query":"","file":"click","directory":"/","path":"/click","relative":"/click","port":"","host":"","password":"","user":"","userInfo":"","authority":"","protocol":"","source":"/click","queryKey":{},"chunks":["click"]},"urlOriginal":"/session/2f4dacf0-e697-11e8-9c43-c3b00da4d9bb/element/:wdc:1542039770184/click"}}
Build info: version: '3.14.0', revision: 'aacccce0', time: '2018-08-02T20:19:58.91Z'
System info: host: 'OVI', ip: '10.0.75.1', os.name: 'Windows 10', os.arch: 'amd64', os.version: '10.0', java.version: '1.8.0_181'
Driver info: driver.version: unknown
</error>
  </testcase>
  <testcase name="And I should be on the page &quot;koerperpflege&quot;" classname="| KORPER |  | koerperpflege |" time="0">
    <skipped/>
  </testcase>
  <testcase name="Given I should be on the page &quot;home&quot;" classname="| SONNEN |  | sonnenpflege |" time="0"/>
  <testcase name="Then I hover over the 3 &quot;Pflege&quot; category" classname="| SONNEN |  | sonnenpflege |" time="0"/>
  <testcase name="Then I should see the main-categories &quot;SONNEN&quot;" classname="| SONNEN |  | sonnenpflege |" time="0.001">
    <failure type="java.lang.AssertionError">java.lang.AssertionError
</failure>
  </testcase>
  <testcase name="| SONNEN |  | sonnenpflege |" classname="| SONNEN |  | sonnenpflege |" time="0.001">
    <failure type="java.lang.AssertionError">java.lang.AssertionError
</failure>
  </testcase>
  <testcase name="And I should be on the page &quot;sonnenpflege&quot;" classname="| SONNEN |  | sonnenpflege |" time="0">
    <skipped/>
  </testcase>
  <testcase name="Given I should be on the page &quot;home&quot;" classname="| FOR MEN |  | herrenpflege |" time="0"/>
  <testcase name="Then I hover over the 3 &quot;Pflege&quot; category" classname="| FOR MEN |  | herrenpflege |" time="0"/>
  <testcase name="Then I should see the main-categories &quot;FOR MEN&quot;" classname="| FOR MEN |  | herrenpflege |" time="0.001">
    <failure type="java.lang.AssertionError">java.lang.AssertionError
</failure>
  </testcase>
  <testcase name="| FOR MEN |  | herrenpflege |" classname="| FOR MEN |  | herrenpflege |" time="0.001">
    <failure type="java.lang.AssertionError">java.lang.AssertionError
</failure>
  </testcase>
  <testcase name="And I should be on the page &quot;herrenpflege&quot;" classname="| FOR MEN |  | herrenpflege |" time="0">
    <skipped/>
  </testcase>
  <testcase name="Given I should be on the page &quot;home&quot;" classname="| TOP MARKEN |  | marken |" time="0"/>
  <testcase name="Then I hover over the 3 &quot;Pflege&quot; category" classname="| TOP MARKEN |  | marken |" time="0"/>
  <testcase name="Then I should see the main-categories &quot;TOP MARKEN&quot;" classname="| TOP MARKEN |  | marken |" time="0.001">
    <failure type="java.lang.AssertionError">java.lang.AssertionError
</failure>
  </testcase>
  <testcase name="| TOP MARKEN |  | marken |" classname="| TOP MARKEN |  | marken |" time="0.001">
    <failure type="java.lang.AssertionError">java.lang.AssertionError
</failure>
  </testcase>
  <testcase name="And I should be on the page &quot;marken&quot;" classname="| TOP MARKEN |  | marken |" time="0">
    <skipped/>
  </testcase>
  <testcase name="Given I should be on the page &quot;home&quot;" classname="| SPECIALS |  | specials |" time="0"/>
  <testcase name="Then I hover over the 3 &quot;Pflege&quot; category" classname="| SPECIALS |  | specials |" time="0"/>
  <testcase name="Then I should see the main-categories &quot;SPECIALS&quot;" classname="| SPECIALS |  | specials |" time="0.001">
    <error message="{&quot;errorMessage&quot;:&quot;Element is not currently visible and may not be manipulated&quot;,&quot;request&quot;:{&quot;headers&quot;:{&quot;Accept-Encoding&quot;:&quot;gzip&quot;,&quot;Connection&quot;:&quot;Keep-Alive&quot;,&quot;Content-Length&quot;:&quot;32&quot;,&quot;Content-Type&quot;:&quot;application/json; charset=utf-8&quot;,&quot;Host&quot;:&quot;localhost:18831&quot;,&quot;User-Agent&quot;:&quot;selenium/3.14.0 (java windows)&quot;},&quot;httpVersion&quot;:&quot;1.1&quot;,&quot;method&quot;:&quot;POST&quot;,&quot;post&quot;:&quot;{\n  \&quot;id\&quot;: \&quot;:wdc:1542039803507\&quot;\n}&quot;,&quot;url&quot;:&quot;/click&quot;,&quot;urlParsed&quot;:{&quot;anchor&quot;:&quot;&quot;,&quot;query&quot;:&quot;&quot;,&quot;file&quot;:&quot;click&quot;,&quot;directory&quot;:&quot;/&quot;,&quot;path&quot;:&quot;/click&quot;,&quot;relative&quot;:&quot;/click&quot;,&quot;port&quot;:&quot;&quot;,&quot;host&quot;:&quot;&quot;,&quot;password&quot;:&quot;&quot;,&quot;user&quot;:&quot;&quot;,&quot;userInfo&quot;:&quot;&quot;,&quot;authority&quot;:&quot;&quot;,&quot;protocol&quot;:&quot;&quot;,&quot;source&quot;:&quot;/click&quot;,&quot;queryKey&quot;:{},&quot;chunks&quot;:[&quot;click&quot;]},&quot;urlOriginal&quot;:&quot;/session/4343b100-e697-11e8-8cc1-a79cac53c209/element/:wdc:1542039803507/click&quot;}}&#10;Command duration or timeout: 0 milliseconds" type="org.openqa.selenium.ElementNotVisibleException">org.openqa.selenium.ElementNotVisibleException: 
{"errorMessage":"Element is not currently visible and may not be manipulated","request":{"headers":{"Accept-Encoding":"gzip","Connection":"Keep-Alive","Content-Length":"32","Content-Type":"application/json; charset=utf-8","Host":"localhost:18831","User-Agent":"selenium/3.14.0 (java windows)"},"httpVersion":"1.1","method":"POST","post":"{\n  \"id\": \":wdc:1542039803507\"\n}","url":"/click","urlParsed":{"anchor":"","query":"","file":"click","directory":"/","path":"/click","relative":"/click","port":"","host":"","password":"","user":"","userInfo":"","authority":"","protocol":"","source":"/click","queryKey":{},"chunks":["click"]},"urlOriginal":"/session/4343b100-e697-11e8-8cc1-a79cac53c209/element/:wdc:1542039803507/click"}}
Command duration or timeout: 0 milliseconds
Caused by: org.openqa.selenium.remote.ScreenshotException: Screen shot has been taken
Caused by: org.openqa.selenium.ElementNotVisibleException: 
{"errorMessage":"Element is not currently visible and may not be manipulated","request":{"headers":{"Accept-Encoding":"gzip","Connection":"Keep-Alive","Content-Length":"32","Content-Type":"application/json; charset=utf-8","Host":"localhost:18831","User-Agent":"selenium/3.14.0 (java windows)"},"httpVersion":"1.1","method":"POST","post":"{\n  \"id\": \":wdc:1542039803507\"\n}","url":"/click","urlParsed":{"anchor":"","query":"","file":"click","directory":"/","path":"/click","relative":"/click","port":"","host":"","password":"","user":"","userInfo":"","authority":"","protocol":"","source":"/click","queryKey":{},"chunks":["click"]},"urlOriginal":"/session/4343b100-e697-11e8-8cc1-a79cac53c209/element/:wdc:1542039803507/click"}}
Build info: version: '3.14.0', revision: 'aacccce0', time: '2018-08-02T20:19:58.91Z'
System info: host: 'OVI', ip: '10.0.75.1', os.name: 'Windows 10', os.arch: 'amd64', os.version: '10.0', java.version: '1.8.0_181'
Driver info: driver.version: unknown
</error>
  </testcase>
  <testcase name="| SPECIALS |  | specials |" classname="| SPECIALS |  | specials |" time="0.001">
    <error message="{&quot;errorMessage&quot;:&quot;Element is not currently visible and may not be manipulated&quot;,&quot;request&quot;:{&quot;headers&quot;:{&quot;Accept-Encoding&quot;:&quot;gzip&quot;,&quot;Connection&quot;:&quot;Keep-Alive&quot;,&quot;Content-Length&quot;:&quot;32&quot;,&quot;Content-Type&quot;:&quot;application/json; charset=utf-8&quot;,&quot;Host&quot;:&quot;localhost:18831&quot;,&quot;User-Agent&quot;:&quot;selenium/3.14.0 (java windows)&quot;},&quot;httpVersion&quot;:&quot;1.1&quot;,&quot;method&quot;:&quot;POST&quot;,&quot;post&quot;:&quot;{\n  \&quot;id\&quot;: \&quot;:wdc:1542039803507\&quot;\n}&quot;,&quot;url&quot;:&quot;/click&quot;,&quot;urlParsed&quot;:{&quot;anchor&quot;:&quot;&quot;,&quot;query&quot;:&quot;&quot;,&quot;file&quot;:&quot;click&quot;,&quot;directory&quot;:&quot;/&quot;,&quot;path&quot;:&quot;/click&quot;,&quot;relative&quot;:&quot;/click&quot;,&quot;port&quot;:&quot;&quot;,&quot;host&quot;:&quot;&quot;,&quot;password&quot;:&quot;&quot;,&quot;user&quot;:&quot;&quot;,&quot;userInfo&quot;:&quot;&quot;,&quot;authority&quot;:&quot;&quot;,&quot;protocol&quot;:&quot;&quot;,&quot;source&quot;:&quot;/click&quot;,&quot;queryKey&quot;:{},&quot;chunks&quot;:[&quot;click&quot;]},&quot;urlOriginal&quot;:&quot;/session/4343b100-e697-11e8-8cc1-a79cac53c209/element/:wdc:1542039803507/click&quot;}}&#10;Command duration or timeout: 0 milliseconds" type="org.openqa.selenium.ElementNotVisibleException">org.openqa.selenium.ElementNotVisibleException: 
{"errorMessage":"Element is not currently visible and may not be manipulated","request":{"headers":{"Accept-Encoding":"gzip","Connection":"Keep-Alive","Content-Length":"32","Content-Type":"application/json; charset=utf-8","Host":"localhost:18831","User-Agent":"selenium/3.14.0 (java windows)"},"httpVersion":"1.1","method":"POST","post":"{\n  \"id\": \":wdc:1542039803507\"\n}","url":"/click","urlParsed":{"anchor":"","query":"","file":"click","directory":"/","path":"/click","relative":"/click","port":"","host":"","password":"","user":"","userInfo":"","authority":"","protocol":"","source":"/click","queryKey":{},"chunks":["click"]},"urlOriginal":"/session/4343b100-e697-11e8-8cc1-a79cac53c209/element/:wdc:1542039803507/click"}}
Command duration or timeout: 0 milliseconds
Caused by: org.openqa.selenium.remote.ScreenshotException: Screen shot has been taken
Caused by: org.openqa.selenium.ElementNotVisibleException: 
{"errorMessage":"Element is not currently visible and may not be manipulated","request":{"headers":{"Accept-Encoding":"gzip","Connection":"Keep-Alive","Content-Length":"32","Content-Type":"application/json; charset=utf-8","Host":"localhost:18831","User-Agent":"selenium/3.14.0 (java windows)"},"httpVersion":"1.1","method":"POST","post":"{\n  \"id\": \":wdc:1542039803507\"\n}","url":"/click","urlParsed":{"anchor":"","query":"","file":"click","directory":"/","path":"/click","relative":"/click","port":"","host":"","password":"","user":"","userInfo":"","authority":"","protocol":"","source":"/click","queryKey":{},"chunks":["click"]},"urlOriginal":"/session/4343b100-e697-11e8-8cc1-a79cac53c209/element/:wdc:1542039803507/click"}}
Build info: version: '3.14.0', revision: 'aacccce0', time: '2018-08-02T20:19:58.91Z'
System info: host: 'OVI', ip: '10.0.75.1', os.name: 'Windows 10', os.arch: 'amd64', os.version: '10.0', java.version: '1.8.0_181'
Driver info: driver.version: unknown
</error>
  </testcase>
  <testcase name="And I should be on the page &quot;specials&quot;" classname="| SPECIALS |  | specials |" time="0">
    <skipped/>
  </testcase>
</testsuite>