<?xml version="1.0" encoding="UTF-8"?>
<testsuite xmlns:xsi="http://www.w3.org/2001/XMLSchema-instance" xsi:schemaLocation="https://maven.apache.org/surefire/maven-surefire-plugin/xsd/surefire-test-report.xsd" name="Parallel02IT" time="68.009" tests="35" errors="0" skipped="0" failures="0">
  <properties>
    <property name="java.runtime.name" value="Java(TM) SE Runtime Environment"/>
    <property name="cucumber.options" value="--tags @regression"/>
    <property name="sun.boot.library.path" value="C:\Program Files\Java\jdk1.8.0_181\jre\bin"/>
    <property name="java.vm.version" value="25.181-b13"/>
    <property name="browser" value="zalenium"/>
    <property name="java.vm.vendor" value="Oracle Corporation"/>
    <property name="maven.multiModuleProjectDirectory" value="C:\Users\Ovidiu\Workspace 5891\flaconiCucumber"/>
    <property name="java.vendor.url" value="http://java.oracle.com/"/>
    <property name="path.separator" value=";"/>
    <property name="guice.disable.misplaced.annotation.check" value="true"/>
    <property name="java.vm.name" value="Java HotSpot(TM) 64-Bit Server VM"/>
    <property name="file.encoding.pkg" value="sun.io"/>
    <property name="user.script" value=""/>
    <property name="user.country" value="US"/>
    <property name="sun.java.launcher" value="SUN_STANDARD"/>
    <property name="sun.os.patch.level" value=""/>
    <property name="java.vm.specification.name" value="Java Virtual Machine Specification"/>
    <property name="user.dir" value="C:\Users\Ovidiu\Workspace 5891\flaconiCucumber"/>
    <property name="java.runtime.version" value="1.8.0_181-b13"/>
    <property name="java.awt.graphicsenv" value="sun.awt.Win32GraphicsEnvironment"/>
    <property name="java.endorsed.dirs" value="C:\Program Files\Java\jdk1.8.0_181\jre\lib\endorsed"/>
    <property name="os.arch" value="amd64"/>
    <property name="java.io.tmpdir" value="C:\Users\Ovidiu\AppData\Local\Temp\"/>
    <property name="line.separator" value="&#10;"/>
    <property name="java.vm.specification.vendor" value="Oracle Corporation"/>
    <property name="user.variant" value=""/>
    <property name="os.name" value="Windows 10"/>
    <property name="classworlds.conf" value="C:\Maven\apache-maven-3.3.9\bin\m2.conf"/>
    <property name="sun.jnu.encoding" value="Cp1252"/>
    <property name="java.library.path" value="C:\Program Files\Java\jdk1.8.0_181\bin;C:\WINDOWS\Sun\Java\bin;C:\WINDOWS\system32;C:\WINDOWS;C:\Program Files (x86)\Common Files\Oracle\Java\javapath;C:\Program Files\Docker\Docker\Resources\bin;C:\ProgramData\Oracle\Java\javapath;C:\Windows\system32;C:\Windows;C:\Windows\System32\Wbem;C:\Windows\System32\WindowsPowerShell\v1.0\;C:\Program Files (x86)\NVIDIA Corporation\PhysX\Common;C:\WINDOWS\system32;C:\WINDOWS;C:\WINDOWS\System32\Wbem;C:\WINDOWS\System32\WindowsPowerShell\v1.0\;C:\Program Files\Java\jdk1.8.0_181\bin;C:\Maven\apache-maven-3.3.9\bin;C:\Program Files\nodejs\;C:\Program Files\nodejs;C:\Program Files\Git\cmd;C:\Program Files\Git\mingw64\bin;C:\Program Files\Git\usr\bin;C:\WINDOWS\System32\OpenSSH\;C:\Users\Ovidiu\AppData\Local\Microsoft\WindowsApps;C:\Users\Ovidiu\AppData\Roaming\npm;;."/>
    <property name="java.specification.name" value="Java Platform API Specification"/>
    <property name="java.class.version" value="52.0"/>
    <property name="sun.management.compiler" value="HotSpot 64-Bit Tiered Compilers"/>
    <property name="os.version" value="10.0"/>
    <property name="user.home" value="C:\Users\Ovidiu"/>
    <property name="user.timezone" value="Europe/Berlin"/>
    <property name="java.awt.printerjob" value="sun.awt.windows.WPrinterJob"/>
    <property name="java.specification.version" value="1.8"/>
    <property name="file.encoding" value="Cp1252"/>
    <property name="user.name" value="Ovidiu"/>
    <property name="java.class.path" value="C:\Maven\apache-maven-3.3.9\boot\plexus-classworlds-2.5.2.jar"/>
    <property name="java.vm.specification.version" value="1.8"/>
    <property name="sun.arch.data.model" value="64"/>
    <property name="java.home" value="C:\Program Files\Java\jdk1.8.0_181\jre"/>
    <property name="sun.java.command" value="org.codehaus.plexus.classworlds.launcher.Launcher verify -Dbrowser=zalenium -Denvironment=aws_zalenium_testing -Dcucumber.options=--tags @regression"/>
    <property name="java.specification.vendor" value="Oracle Corporation"/>
    <property name="user.language" value="en"/>
    <property name="awt.toolkit" value="sun.awt.windows.WToolkit"/>
    <property name="java.vm.info" value="mixed mode"/>
    <property name="java.version" value="1.8.0_181"/>
    <property name="java.ext.dirs" value="C:\Program Files\Java\jdk1.8.0_181\jre\lib\ext;C:\WINDOWS\Sun\Java\lib\ext"/>
    <property name="sun.boot.class.path" value="C:\Program Files\Java\jdk1.8.0_181\jre\lib\resources.jar;C:\Program Files\Java\jdk1.8.0_181\jre\lib\rt.jar;C:\Program Files\Java\jdk1.8.0_181\jre\lib\sunrsasign.jar;C:\Program Files\Java\jdk1.8.0_181\jre\lib\jsse.jar;C:\Program Files\Java\jdk1.8.0_181\jre\lib\jce.jar;C:\Program Files\Java\jdk1.8.0_181\jre\lib\charsets.jar;C:\Program Files\Java\jdk1.8.0_181\jre\lib\jfr.jar;C:\Program Files\Java\jdk1.8.0_181\jre\classes"/>
    <property name="sun.stderr.encoding" value="cp437"/>
    <property name="java.vendor" value="Oracle Corporation"/>
    <property name="environment" value="aws_zalenium_testing"/>
    <property name="maven.home" value="C:\Maven\apache-maven-3.3.9"/>
    <property name="file.separator" value="\"/>
    <property name="java.vendor.url.bug" value="http://bugreport.sun.com/bugreport/"/>
    <property name="sun.cpu.endian" value="little"/>
    <property name="sun.io.unicode.encoding" value="UnicodeLittle"/>
    <property name="sun.stdout.encoding" value="cp437"/>
    <property name="sun.desktop" value="windows"/>
    <property name="sun.cpu.isalist" value="amd64"/>
  </properties>
  <testcase name="Given I should be on the page &quot;home&quot;" classname="Scenario: Check if the XL slider block is displayed" time="0"/>
  <testcase name="Then I should see the &quot;XL slider&quot; block on the page" classname="Scenario: Check if the XL slider block is displayed" time="0"/>
  <testcase name="And I should be able to scroll the images" classname="Scenario: Check if the XL slider block is displayed" time="0"/>
  <testcase name="Scenario: Check if the XL slider block is displayed" classname="Scenario: Check if the XL slider block is displayed" time="0.165"/>
  <testcase name="Given I should be on the page &quot;home&quot;" classname="Scenario: Check if the Brand block is displayed" time="0"/>
  <testcase name="Given I should be on the page &quot;home&quot;" classname="Scenario: Check if the Brand block is displayed" time="0"/>
  <testcase name="Then I should see the &quot;Brand&quot; block on the page" classname="Scenario: Check if the Brand block is displayed" time="0"/>
  <testcase name="And I should be able to scroll through the brands" classname="Scenario: Check if the Brand block is displayed" time="0"/>
  <testcase name="And I click the Alle Marken button" classname="Scenario: Check if the Brand block is displayed" time="0"/>
  <testcase name="Scenario: Check if the Brand block is displayed" classname="Scenario: Check if the Brand block is displayed" time="0.147"/>
  <testcase name="Scenario: Check if the Brand block is displayed" classname="Scenario: Check if the Brand block is displayed" time="0.173"/>
  <testcase name="Then I should see the &quot;Story&quot; block on the page" classname="Scenario: Check if the Brand block is displayed" time="0"/>
  <testcase name="Given I should be on the page &quot;home&quot;" classname="Scenario: Check if the About Flaconi block is displayed" time="0"/>
  <testcase name="Given I should be on the page &quot;home&quot;" classname="Scenario: Check if the About Flaconi block is displayed" time="0"/>
  <testcase name="Then I should see the &quot;Brand Product Display&quot; block on the page" classname="Scenario: Check if the About Flaconi block is displayed" time="0"/>
  <testcase name="Scenario: Check if the About Flaconi block is displayed" classname="Scenario: Check if the About Flaconi block is displayed" time="0.088"/>
  <testcase name="Scenario: Check if the About Flaconi block is displayed" classname="Scenario: Check if the About Flaconi block is displayed" time="0.154"/>
  <testcase name="Then I should see the &quot;About Flaconi&quot; block on the page" classname="Scenario: Check if the About Flaconi block is displayed" time="0"/>
  <testcase name="And I should see the block title as &quot;Flaconi&quot;" classname="Scenario: Check if the About Flaconi block is displayed" time="0"/>
  <testcase name="Given I should be on the page &quot;home&quot;" classname="Scenario: Check if the Follow Flaconi block is displayed" time="0"/>
  <testcase name="Then I should see the &quot;Follow Flaconi&quot; block on the page" classname="Scenario: Check if the Follow Flaconi block is displayed" time="0"/>
  <testcase name="And I should see the block title as &quot;Flaconi folgen&quot;" classname="Scenario: Check if the Follow Flaconi block is displayed" time="0"/>
  <testcase name="Scenario: Check if the Follow Flaconi block is displayed" classname="Scenario: Check if the Follow Flaconi block is displayed" time="0.077"/>
  <testcase name="Given I should be on the page &quot;home&quot;" classname="Scenario: Check if the Customer Service block is displayed" time="0"/>
  <testcase name="Then I should see the &quot;Customer Service&quot; block on the page" classname="Scenario: Check if the Customer Service block is displayed" time="0"/>
  <testcase name="And I should see the block title as &quot;Kundenservice&quot;" classname="Scenario: Check if the Customer Service block is displayed" time="0"/>
  <testcase name="Scenario: Check if the Customer Service block is displayed" classname="Scenario: Check if the Customer Service block is displayed" time="0.075"/>
  <testcase name="Given I should be on the page &quot;home&quot;" classname="Scenario: Check if the Newsletter block is displayed" time="0"/>
  <testcase name="Then I should see the &quot;Newsletter&quot; block on the page" classname="Scenario: Check if the Newsletter block is displayed" time="0"/>
  <testcase name="And I should see the block title as &quot;Beauty News&quot;" classname="Scenario: Check if the Newsletter block is displayed" time="0"/>
  <testcase name="Scenario: Check if the Newsletter block is displayed" classname="Scenario: Check if the Newsletter block is displayed" time="0.074"/>
  <testcase name="Given I should be on the page &quot;home&quot;" classname="Scenario: Check if the Certified trustly block is displayed" time="0"/>
  <testcase name="Then I should see the &quot;Trustly certified&quot; block on the page" classname="Scenario: Check if the Certified trustly block is displayed" time="0"/>
  <testcase name="And I should see the block title as &quot;Sicherheit&quot;" classname="Scenario: Check if the Certified trustly block is displayed" time="0"/>
  <testcase name="Scenario: Check if the Certified trustly block is displayed" classname="Scenario: Check if the Certified trustly block is displayed" time="0.085"/>
</testsuite>